<?xml version="1.0" encoding="UTF-8"?>
<!-- Generated by org.testng.reporters.JUnitXMLReporter -->
<testsuite ignored="0" hostname="Veena-Manjunath" failures="0" tests="3" name="Test" time="45.097" errors="0" timestamp="2024-03-21T11:50:17 IST">
  <testcase classname="AdvanceScenarioes.HAndlingScrollBarUsingJavaScriptExecutor" name="method1" time="15.061"/>
  <testcase classname="AdvanceScenarioes.Autosuggestions" name="auto" time="18.7"/>
  <testcase classname="PopUps.Authenticationpopup" name="authentice" time="11.188"/>
</testsuite> <!-- Test -->
