<?xml version="1.0" encoding="UTF-8"?>
<testng-results ignored="0" total="1" passed="1" failed="0" skipped="0">
  <reporter-output>
  </reporter-output>
  <suite started-at="2024-04-22T20:52:04 IST" name="Default suite" finished-at="2024-04-22T20:52:12 IST" duration-ms="7637">
    <groups>
    </groups>
    <test started-at="2024-04-22T20:52:04 IST" name="Default test" finished-at="2024-04-22T20:52:12 IST" duration-ms="7637">
      <class name="PopUps.Authenticationpopup">
        <test-method signature="authentice()[pri:0, instance:PopUps.Authenticationpopup@4218d6a3]" started-at="2024-04-22T20:52:04 IST" name="authentice" finished-at="2024-04-22T20:52:12 IST" duration-ms="7557" status="PASS">
          <reporter-output>
          </reporter-output>
        </test-method> <!-- authentice -->
      </class> <!-- PopUps.Authenticationpopup -->
    </test> <!-- Default test -->
  </suite> <!-- Default suite -->
</testng-results>
